Feb 04 18:07:40  [info] Running task: Begin Upgrade to 4.6.12

Feb 04 18:07:40  [info] Running task: Upgrade DB to 4.6.12

Feb 04 18:07:40  [info] Running task: Upgrade DB to 4.6.12: SQL

Feb 04 18:07:40  [info] Running task: Add Getting Started dashlet

Feb 04 18:07:40  [info] Running task: Finish Upgrade DB to 4.6.12

Feb 06 12:25:58  [info] $Fatal Error Details = Array
(
    [message] => Could not find valid value for id
    [code] => 
)


Feb 06 12:25:58  [info] $backTrace = #0 /home1/biodelic/public_html/coderdojo/sites/all/modules/contrib/civicrm/CRM/Core/Error.php(364): CRM_Core_Error::backtrace("backTrace", TRUE)
#1 /home1/biodelic/public_html/coderdojo/sites/all/modules/contrib/civicrm/CRM/Utils/Request.php(95): CRM_Core_Error::fatal("Could not find valid value for id")
#2 /home1/biodelic/public_html/coderdojo/sites/all/modules/contrib/civicrm/CRM/Event/Page/EventInfo.php(52): CRM_Utils_Request::retrieve("id", "Positive", Object(CRM_Event_Page_EventInfo), TRUE)
#3 /home1/biodelic/public_html/coderdojo/sites/all/modules/contrib/civicrm/CRM/Core/Invoke.php(312): CRM_Event_Page_EventInfo->run((Array:3), NULL)
#4 /home1/biodelic/public_html/coderdojo/sites/all/modules/contrib/civicrm/CRM/Core/Invoke.php(86): CRM_Core_Invoke::runItem((Array:15))
#5 /home1/biodelic/public_html/coderdojo/sites/all/modules/contrib/civicrm/CRM/Core/Invoke.php(54): CRM_Core_Invoke::_invoke((Array:3))
#6 /home1/biodelic/public_html/coderdojo/sites/all/modules/contrib/civicrm/drupal/civicrm.module(489): CRM_Core_Invoke::invoke((Array:3))
#7 [internal function](): civicrm_invoke("event", "info")
#8 /home1/biodelic/public_html/coderdojo/includes/menu.inc(527): call_user_func_array("civicrm_invoke", (Array:2))
#9 /home1/biodelic/public_html/coderdojo/index.php(21): menu_execute_active_handler()
#10 {main}


Feb 07 10:08:11  [info] $Fatal Error Details = Array
(
    [callback] => Array
        (
            [0] => CRM_Core_Error
            [1] => handle
        )

    [code] => -5
    [message] => DB Error: already exists
    [mode] => 16
    [debug_info] => UPDATE  civicrm_uf_match  SET domain_id = 1 , uf_id = 1 , uf_name = 'cordms@gmail.com' , contact_id = 2 , language = 'en_US'   WHERE (  civicrm_uf_match.id = 1 )   [nativecode=1062 ** Duplicate entry 'cordms@gmail.com-1' for key 'UI_uf_name_domain_id']
    [type] => DB_Error
    [user_info] => UPDATE  civicrm_uf_match  SET domain_id = 1 , uf_id = 1 , uf_name = 'cordms@gmail.com' , contact_id = 2 , language = 'en_US'   WHERE (  civicrm_uf_match.id = 1 )   [nativecode=1062 ** Duplicate entry 'cordms@gmail.com-1' for key 'UI_uf_name_domain_id']
    [to_string] => [db_error: message="DB Error: already exists" code=-5 mode=callback callback=CRM_Core_Error::handle prefix="" info="UPDATE  civicrm_uf_match  SET domain_id = 1 , uf_id = 1 , uf_name = 'cordms@gmail.com' , contact_id = 2 , language = 'en_US'   WHERE (  civicrm_uf_match.id = 1 )   [nativecode=1062 ** Duplicate entry 'cordms@gmail.com-1' for key 'UI_uf_name_domain_id']"]
)


Feb 07 10:08:11  [info] $backTrace = #0 /home1/biodelic/public_html/coderdojo/sites/all/modules/contrib/civicrm/CRM/Core/Error.php(235): CRM_Core_Error::backtrace("backTrace", TRUE)
#1 [internal function](): CRM_Core_Error::handle(Object(DB_Error))
#2 /home1/biodelic/public_html/coderdojo/sites/all/modules/contrib/civicrm/packages/PEAR.php(931): call_user_func((Array:2), Object(DB_Error))
#3 /home1/biodelic/public_html/coderdojo/sites/all/modules/contrib/civicrm/packages/DB.php(976): PEAR_Error->PEAR_Error("DB Error: already exists", -5, 16, (Array:2), "UPDATE  civicrm_uf_match  SET domain_id = 1 , uf_id = 1 , uf_name = 'cordms@g...")
#4 /home1/biodelic/public_html/coderdojo/sites/all/modules/contrib/civicrm/packages/PEAR.php(564): DB_Error->DB_Error(-5, 16, (Array:2), "UPDATE  civicrm_uf_match  SET domain_id = 1 , uf_id = 1 , uf_name = 'cordms@g...")
#5 /home1/biodelic/public_html/coderdojo/sites/all/modules/contrib/civicrm/packages/DB/common.php(1905): PEAR->raiseError(NULL, -5, NULL, NULL, "UPDATE  civicrm_uf_match  SET domain_id = 1 , uf_id = 1 , uf_name = 'cordms@g...", "DB_Error", TRUE)
#6 /home1/biodelic/public_html/coderdojo/sites/all/modules/contrib/civicrm/packages/DB/mysql.php(895): DB_common->raiseError(-5, NULL, NULL, NULL, "1062 ** Duplicate entry 'cordms@gmail.com-1' for key 'UI_uf_name_domain_id'")
#7 /home1/biodelic/public_html/coderdojo/sites/all/modules/contrib/civicrm/packages/DB/mysql.php(328): DB_mysql->mysqlRaiseError()
#8 /home1/biodelic/public_html/coderdojo/sites/all/modules/contrib/civicrm/packages/DB/common.php(1216): DB_mysql->simpleQuery("UPDATE  civicrm_uf_match  SET domain_id = 1 , uf_id = 1 , uf_name = 'cordms@g...")
#9 /home1/biodelic/public_html/coderdojo/sites/all/modules/contrib/civicrm/packages/DB/DataObject.php(2442): DB_common->query("UPDATE  civicrm_uf_match  SET domain_id = 1 , uf_id = 1 , uf_name = 'cordms@g...")
#10 /home1/biodelic/public_html/coderdojo/sites/all/modules/contrib/civicrm/packages/DB/DataObject.php(1345): DB_DataObject->_query("UPDATE  civicrm_uf_match  SET domain_id = 1 , uf_id = 1 , uf_name = 'cordms@g...")
#11 /home1/biodelic/public_html/coderdojo/sites/all/modules/contrib/civicrm/CRM/Core/DAO.php(436): DB_DataObject->update()
#12 /home1/biodelic/public_html/coderdojo/sites/all/modules/contrib/civicrm/CRM/Core/BAO/UFMatch.php(57): CRM_Core_DAO->save()
#13 /home1/biodelic/public_html/coderdojo/sites/all/modules/contrib/civicrm/CRM/Core/BAO/UFMatch.php(433): CRM_Core_BAO_UFMatch::create((Array:18))
#14 /home1/biodelic/public_html/coderdojo/sites/all/modules/contrib/civicrm/drupal/civicrm.module(568): CRM_Core_BAO_UFMatch::updateContactEmail(NULL, "cordms@gmail.com")
#15 /home1/biodelic/public_html/coderdojo/sites/all/modules/contrib/civicrm/drupal/civicrm_user.inc(77): civicrm_register_data((Array:26), Object(stdClass), "account", FALSE)
#16 /home1/biodelic/public_html/coderdojo/modules/user/user.module(101): civicrm_user_insert((Array:26), Object(stdClass), "account")
#17 /home1/biodelic/public_html/coderdojo/modules/user/user.module(594): user_module_invoke("insert", (Array:26), Object(stdClass), "account")
#18 /home1/biodelic/public_html/coderdojo/modules/user/user.module(3909): user_save(Object(stdClass), (Array:16))
#19 /home1/biodelic/public_html/coderdojo/includes/form.inc(1519): user_register_submit((Array:42), (Array:23))
#20 /home1/biodelic/public_html/coderdojo/includes/form.inc(903): form_execute_handlers("submit", (Array:42), (Array:23))
#21 /home1/biodelic/public_html/coderdojo/includes/form.inc(385): drupal_process_form("user_register_form", (Array:42), (Array:23))
#22 /home1/biodelic/public_html/coderdojo/includes/form.inc(130): drupal_build_form("user_register_form", (Array:23))
#23 /home1/biodelic/public_html/coderdojo/modules/user/user.admin.inc(29): drupal_get_form("user_register_form")
#24 [internal function](): user_admin("create")
#25 /home1/biodelic/public_html/coderdojo/includes/menu.inc(527): call_user_func_array("user_admin", (Array:1))
#26 /home1/biodelic/public_html/coderdojo/index.php(21): menu_execute_active_handler()
#27 {main}


Feb 07 10:11:51  [info] $Fatal Error Details = Array
(
    [callback] => Array
        (
            [0] => CRM_Core_Error
            [1] => handle
        )

    [code] => -5
    [message] => DB Error: already exists
    [mode] => 16
    [debug_info] => UPDATE  civicrm_uf_match  SET domain_id = 1 , uf_id = 1 , uf_name = 'cordslatton@gmail.com' , contact_id = 2 , language = 'en_US'   WHERE (  civicrm_uf_match.id = 1 )   [nativecode=1062 ** Duplicate entry 'cordslatton@gmail.com-1' for key 'UI_uf_name_domain_id']
    [type] => DB_Error
    [user_info] => UPDATE  civicrm_uf_match  SET domain_id = 1 , uf_id = 1 , uf_name = 'cordslatton@gmail.com' , contact_id = 2 , language = 'en_US'   WHERE (  civicrm_uf_match.id = 1 )   [nativecode=1062 ** Duplicate entry 'cordslatton@gmail.com-1' for key 'UI_uf_name_domain_id']
    [to_string] => [db_error: message="DB Error: already exists" code=-5 mode=callback callback=CRM_Core_Error::handle prefix="" info="UPDATE  civicrm_uf_match  SET domain_id = 1 , uf_id = 1 , uf_name = 'cordslatton@gmail.com' , contact_id = 2 , language = 'en_US'   WHERE (  civicrm_uf_match.id = 1 )   [nativecode=1062 ** Duplicate entry 'cordslatton@gmail.com-1' for key 'UI_uf_name_domain_id']"]
)


Feb 07 10:11:51  [info] $backTrace = #0 /home1/biodelic/public_html/coderdojo/sites/all/modules/contrib/civicrm/CRM/Core/Error.php(235): CRM_Core_Error::backtrace("backTrace", TRUE)
#1 [internal function](): CRM_Core_Error::handle(Object(DB_Error))
#2 /home1/biodelic/public_html/coderdojo/sites/all/modules/contrib/civicrm/packages/PEAR.php(931): call_user_func((Array:2), Object(DB_Error))
#3 /home1/biodelic/public_html/coderdojo/sites/all/modules/contrib/civicrm/packages/DB.php(976): PEAR_Error->PEAR_Error("DB Error: already exists", -5, 16, (Array:2), "UPDATE  civicrm_uf_match  SET domain_id = 1 , uf_id = 1 , uf_name = 'cordslat...")
#4 /home1/biodelic/public_html/coderdojo/sites/all/modules/contrib/civicrm/packages/PEAR.php(564): DB_Error->DB_Error(-5, 16, (Array:2), "UPDATE  civicrm_uf_match  SET domain_id = 1 , uf_id = 1 , uf_name = 'cordslat...")
#5 /home1/biodelic/public_html/coderdojo/sites/all/modules/contrib/civicrm/packages/DB/common.php(1905): PEAR->raiseError(NULL, -5, NULL, NULL, "UPDATE  civicrm_uf_match  SET domain_id = 1 , uf_id = 1 , uf_name = 'cordslat...", "DB_Error", TRUE)
#6 /home1/biodelic/public_html/coderdojo/sites/all/modules/contrib/civicrm/packages/DB/mysql.php(895): DB_common->raiseError(-5, NULL, NULL, NULL, "1062 ** Duplicate entry 'cordslatton@gmail.com-1' for key 'UI_uf_name_domain_id'")
#7 /home1/biodelic/public_html/coderdojo/sites/all/modules/contrib/civicrm/packages/DB/mysql.php(328): DB_mysql->mysqlRaiseError()
#8 /home1/biodelic/public_html/coderdojo/sites/all/modules/contrib/civicrm/packages/DB/common.php(1216): DB_mysql->simpleQuery("UPDATE  civicrm_uf_match  SET domain_id = 1 , uf_id = 1 , uf_name = 'cordslat...")
#9 /home1/biodelic/public_html/coderdojo/sites/all/modules/contrib/civicrm/packages/DB/DataObject.php(2442): DB_common->query("UPDATE  civicrm_uf_match  SET domain_id = 1 , uf_id = 1 , uf_name = 'cordslat...")
#10 /home1/biodelic/public_html/coderdojo/sites/all/modules/contrib/civicrm/packages/DB/DataObject.php(1345): DB_DataObject->_query("UPDATE  civicrm_uf_match  SET domain_id = 1 , uf_id = 1 , uf_name = 'cordslat...")
#11 /home1/biodelic/public_html/coderdojo/sites/all/modules/contrib/civicrm/CRM/Core/DAO.php(436): DB_DataObject->update()
#12 /home1/biodelic/public_html/coderdojo/sites/all/modules/contrib/civicrm/CRM/Core/BAO/UFMatch.php(57): CRM_Core_DAO->save()
#13 /home1/biodelic/public_html/coderdojo/sites/all/modules/contrib/civicrm/CRM/Core/BAO/UFMatch.php(433): CRM_Core_BAO_UFMatch::create((Array:18))
#14 /home1/biodelic/public_html/coderdojo/sites/all/modules/contrib/civicrm/drupal/civicrm.module(568): CRM_Core_BAO_UFMatch::updateContactEmail(NULL, "cordslatton@gmail.com")
#15 /home1/biodelic/public_html/coderdojo/sites/all/modules/contrib/civicrm/drupal/civicrm_user.inc(77): civicrm_register_data((Array:26), Object(stdClass), "account", FALSE)
#16 /home1/biodelic/public_html/coderdojo/modules/user/user.module(101): civicrm_user_insert((Array:26), Object(stdClass), "account")
#17 /home1/biodelic/public_html/coderdojo/modules/user/user.module(594): user_module_invoke("insert", (Array:26), Object(stdClass), "account")
#18 /home1/biodelic/public_html/coderdojo/modules/user/user.module(3909): user_save(Object(stdClass), (Array:16))
#19 /home1/biodelic/public_html/coderdojo/includes/form.inc(1519): user_register_submit((Array:42), (Array:23))
#20 /home1/biodelic/public_html/coderdojo/includes/form.inc(903): form_execute_handlers("submit", (Array:42), (Array:23))
#21 /home1/biodelic/public_html/coderdojo/includes/form.inc(385): drupal_process_form("user_register_form", (Array:42), (Array:23))
#22 /home1/biodelic/public_html/coderdojo/includes/form.inc(130): drupal_build_form("user_register_form", (Array:23))
#23 /home1/biodelic/public_html/coderdojo/modules/user/user.admin.inc(29): drupal_get_form("user_register_form")
#24 [internal function](): user_admin("create")
#25 /home1/biodelic/public_html/coderdojo/includes/menu.inc(527): call_user_func_array("user_admin", (Array:1))
#26 /home1/biodelic/public_html/coderdojo/index.php(21): menu_execute_active_handler()
#27 {main}


Feb 07 10:22:15  [info] $Fatal Error Details = Array
(
    [callback] => Array
        (
            [0] => CRM_Core_Error
            [1] => handle
        )

    [code] => -5
    [message] => DB Error: already exists
    [mode] => 16
    [debug_info] => UPDATE  civicrm_uf_match  SET domain_id = 1 , uf_id = 1 , uf_name = 'cordslatton@gmail.com' , contact_id = 2 , language = 'en_US'   WHERE (  civicrm_uf_match.id = 1 )   [nativecode=1062 ** Duplicate entry 'cordslatton@gmail.com-1' for key 'UI_uf_name_domain_id']
    [type] => DB_Error
    [user_info] => UPDATE  civicrm_uf_match  SET domain_id = 1 , uf_id = 1 , uf_name = 'cordslatton@gmail.com' , contact_id = 2 , language = 'en_US'   WHERE (  civicrm_uf_match.id = 1 )   [nativecode=1062 ** Duplicate entry 'cordslatton@gmail.com-1' for key 'UI_uf_name_domain_id']
    [to_string] => [db_error: message="DB Error: already exists" code=-5 mode=callback callback=CRM_Core_Error::handle prefix="" info="UPDATE  civicrm_uf_match  SET domain_id = 1 , uf_id = 1 , uf_name = 'cordslatton@gmail.com' , contact_id = 2 , language = 'en_US'   WHERE (  civicrm_uf_match.id = 1 )   [nativecode=1062 ** Duplicate entry 'cordslatton@gmail.com-1' for key 'UI_uf_name_domain_id']"]
)


Feb 07 10:22:15  [info] $backTrace = #0 /home1/biodelic/public_html/coderdojo/sites/all/modules/contrib/civicrm/CRM/Core/Error.php(235): CRM_Core_Error::backtrace("backTrace", TRUE)
#1 [internal function](): CRM_Core_Error::handle(Object(DB_Error))
#2 /home1/biodelic/public_html/coderdojo/sites/all/modules/contrib/civicrm/packages/PEAR.php(931): call_user_func((Array:2), Object(DB_Error))
#3 /home1/biodelic/public_html/coderdojo/sites/all/modules/contrib/civicrm/packages/DB.php(976): PEAR_Error->PEAR_Error("DB Error: already exists", -5, 16, (Array:2), "UPDATE  civicrm_uf_match  SET domain_id = 1 , uf_id = 1 , uf_name = 'cordslat...")
#4 /home1/biodelic/public_html/coderdojo/sites/all/modules/contrib/civicrm/packages/PEAR.php(564): DB_Error->DB_Error(-5, 16, (Array:2), "UPDATE  civicrm_uf_match  SET domain_id = 1 , uf_id = 1 , uf_name = 'cordslat...")
#5 /home1/biodelic/public_html/coderdojo/sites/all/modules/contrib/civicrm/packages/DB/common.php(1905): PEAR->raiseError(NULL, -5, NULL, NULL, "UPDATE  civicrm_uf_match  SET domain_id = 1 , uf_id = 1 , uf_name = 'cordslat...", "DB_Error", TRUE)
#6 /home1/biodelic/public_html/coderdojo/sites/all/modules/contrib/civicrm/packages/DB/mysql.php(895): DB_common->raiseError(-5, NULL, NULL, NULL, "1062 ** Duplicate entry 'cordslatton@gmail.com-1' for key 'UI_uf_name_domain_id'")
#7 /home1/biodelic/public_html/coderdojo/sites/all/modules/contrib/civicrm/packages/DB/mysql.php(328): DB_mysql->mysqlRaiseError()
#8 /home1/biodelic/public_html/coderdojo/sites/all/modules/contrib/civicrm/packages/DB/common.php(1216): DB_mysql->simpleQuery("UPDATE  civicrm_uf_match  SET domain_id = 1 , uf_id = 1 , uf_name = 'cordslat...")
#9 /home1/biodelic/public_html/coderdojo/sites/all/modules/contrib/civicrm/packages/DB/DataObject.php(2442): DB_common->query("UPDATE  civicrm_uf_match  SET domain_id = 1 , uf_id = 1 , uf_name = 'cordslat...")
#10 /home1/biodelic/public_html/coderdojo/sites/all/modules/contrib/civicrm/packages/DB/DataObject.php(1345): DB_DataObject->_query("UPDATE  civicrm_uf_match  SET domain_id = 1 , uf_id = 1 , uf_name = 'cordslat...")
#11 /home1/biodelic/public_html/coderdojo/sites/all/modules/contrib/civicrm/CRM/Core/DAO.php(436): DB_DataObject->update()
#12 /home1/biodelic/public_html/coderdojo/sites/all/modules/contrib/civicrm/CRM/Core/BAO/UFMatch.php(57): CRM_Core_DAO->save()
#13 /home1/biodelic/public_html/coderdojo/sites/all/modules/contrib/civicrm/CRM/Core/BAO/UFMatch.php(433): CRM_Core_BAO_UFMatch::create((Array:18))
#14 /home1/biodelic/public_html/coderdojo/sites/all/modules/contrib/civicrm/drupal/civicrm.module(568): CRM_Core_BAO_UFMatch::updateContactEmail(NULL, "cordslatton@gmail.com")
#15 /home1/biodelic/public_html/coderdojo/sites/all/modules/contrib/civicrm/drupal/civicrm_user.inc(77): civicrm_register_data((Array:26), Object(stdClass), "account", FALSE)
#16 /home1/biodelic/public_html/coderdojo/modules/user/user.module(101): civicrm_user_insert((Array:26), Object(stdClass), "account")
#17 /home1/biodelic/public_html/coderdojo/modules/user/user.module(594): user_module_invoke("insert", (Array:26), Object(stdClass), "account")
#18 /home1/biodelic/public_html/coderdojo/modules/user/user.module(3909): user_save(Object(stdClass), (Array:16))
#19 /home1/biodelic/public_html/coderdojo/includes/form.inc(1519): user_register_submit((Array:42), (Array:23))
#20 /home1/biodelic/public_html/coderdojo/includes/form.inc(903): form_execute_handlers("submit", (Array:42), (Array:23))
#21 /home1/biodelic/public_html/coderdojo/includes/form.inc(385): drupal_process_form("user_register_form", (Array:42), (Array:23))
#22 /home1/biodelic/public_html/coderdojo/includes/form.inc(130): drupal_build_form("user_register_form", (Array:23))
#23 /home1/biodelic/public_html/coderdojo/modules/user/user.admin.inc(29): drupal_get_form("user_register_form")
#24 [internal function](): user_admin("create")
#25 /home1/biodelic/public_html/coderdojo/includes/menu.inc(527): call_user_func_array("user_admin", (Array:1))
#26 /home1/biodelic/public_html/coderdojo/index.php(21): menu_execute_active_handler()
#27 {main}


Feb 07 10:33:05  [info] $Fatal Error Details = Array
(
    [callback] => Array
        (
            [0] => CRM_Core_Error
            [1] => handle
        )

    [code] => -5
    [message] => DB Error: already exists
    [mode] => 16
    [debug_info] => UPDATE  civicrm_uf_match  SET domain_id = 1 , uf_id = 1 , uf_name = 'cordslatton@gmail.com' , contact_id = 2 , language = 'en_US'   WHERE (  civicrm_uf_match.id = 1 )   [nativecode=1062 ** Duplicate entry 'cordslatton@gmail.com-1' for key 'UI_uf_name_domain_id']
    [type] => DB_Error
    [user_info] => UPDATE  civicrm_uf_match  SET domain_id = 1 , uf_id = 1 , uf_name = 'cordslatton@gmail.com' , contact_id = 2 , language = 'en_US'   WHERE (  civicrm_uf_match.id = 1 )   [nativecode=1062 ** Duplicate entry 'cordslatton@gmail.com-1' for key 'UI_uf_name_domain_id']
    [to_string] => [db_error: message="DB Error: already exists" code=-5 mode=callback callback=CRM_Core_Error::handle prefix="" info="UPDATE  civicrm_uf_match  SET domain_id = 1 , uf_id = 1 , uf_name = 'cordslatton@gmail.com' , contact_id = 2 , language = 'en_US'   WHERE (  civicrm_uf_match.id = 1 )   [nativecode=1062 ** Duplicate entry 'cordslatton@gmail.com-1' for key 'UI_uf_name_domain_id']"]
)


Feb 07 10:33:05  [info] $backTrace = #0 /home1/biodelic/public_html/coderdojo/sites/all/modules/contrib/civicrm/CRM/Core/Error.php(235): CRM_Core_Error::backtrace("backTrace", TRUE)
#1 [internal function](): CRM_Core_Error::handle(Object(DB_Error))
#2 /home1/biodelic/public_html/coderdojo/sites/all/modules/contrib/civicrm/packages/PEAR.php(931): call_user_func((Array:2), Object(DB_Error))
#3 /home1/biodelic/public_html/coderdojo/sites/all/modules/contrib/civicrm/packages/DB.php(976): PEAR_Error->PEAR_Error("DB Error: already exists", -5, 16, (Array:2), "UPDATE  civicrm_uf_match  SET domain_id = 1 , uf_id = 1 , uf_name = 'cordslat...")
#4 /home1/biodelic/public_html/coderdojo/sites/all/modules/contrib/civicrm/packages/PEAR.php(564): DB_Error->DB_Error(-5, 16, (Array:2), "UPDATE  civicrm_uf_match  SET domain_id = 1 , uf_id = 1 , uf_name = 'cordslat...")
#5 /home1/biodelic/public_html/coderdojo/sites/all/modules/contrib/civicrm/packages/DB/common.php(1905): PEAR->raiseError(NULL, -5, NULL, NULL, "UPDATE  civicrm_uf_match  SET domain_id = 1 , uf_id = 1 , uf_name = 'cordslat...", "DB_Error", TRUE)
#6 /home1/biodelic/public_html/coderdojo/sites/all/modules/contrib/civicrm/packages/DB/mysql.php(895): DB_common->raiseError(-5, NULL, NULL, NULL, "1062 ** Duplicate entry 'cordslatton@gmail.com-1' for key 'UI_uf_name_domain_id'")
#7 /home1/biodelic/public_html/coderdojo/sites/all/modules/contrib/civicrm/packages/DB/mysql.php(328): DB_mysql->mysqlRaiseError()
#8 /home1/biodelic/public_html/coderdojo/sites/all/modules/contrib/civicrm/packages/DB/common.php(1216): DB_mysql->simpleQuery("UPDATE  civicrm_uf_match  SET domain_id = 1 , uf_id = 1 , uf_name = 'cordslat...")
#9 /home1/biodelic/public_html/coderdojo/sites/all/modules/contrib/civicrm/packages/DB/DataObject.php(2442): DB_common->query("UPDATE  civicrm_uf_match  SET domain_id = 1 , uf_id = 1 , uf_name = 'cordslat...")
#10 /home1/biodelic/public_html/coderdojo/sites/all/modules/contrib/civicrm/packages/DB/DataObject.php(1345): DB_DataObject->_query("UPDATE  civicrm_uf_match  SET domain_id = 1 , uf_id = 1 , uf_name = 'cordslat...")
#11 /home1/biodelic/public_html/coderdojo/sites/all/modules/contrib/civicrm/CRM/Core/DAO.php(436): DB_DataObject->update()
#12 /home1/biodelic/public_html/coderdojo/sites/all/modules/contrib/civicrm/CRM/Core/BAO/UFMatch.php(57): CRM_Core_DAO->save()
#13 /home1/biodelic/public_html/coderdojo/sites/all/modules/contrib/civicrm/CRM/Core/BAO/UFMatch.php(433): CRM_Core_BAO_UFMatch::create((Array:18))
#14 /home1/biodelic/public_html/coderdojo/sites/all/modules/contrib/civicrm/drupal/civicrm.module(568): CRM_Core_BAO_UFMatch::updateContactEmail(NULL, "cordslatton@gmail.com")
#15 /home1/biodelic/public_html/coderdojo/sites/all/modules/contrib/civicrm/drupal/civicrm_user.inc(77): civicrm_register_data((Array:26), Object(stdClass), "account", FALSE)
#16 /home1/biodelic/public_html/coderdojo/modules/user/user.module(101): civicrm_user_insert((Array:26), Object(stdClass), "account")
#17 /home1/biodelic/public_html/coderdojo/modules/user/user.module(594): user_module_invoke("insert", (Array:26), Object(stdClass), "account")
#18 /home1/biodelic/public_html/coderdojo/modules/user/user.module(3909): user_save(Object(stdClass), (Array:16))
#19 /home1/biodelic/public_html/coderdojo/includes/form.inc(1519): user_register_submit((Array:42), (Array:23))
#20 /home1/biodelic/public_html/coderdojo/includes/form.inc(903): form_execute_handlers("submit", (Array:42), (Array:23))
#21 /home1/biodelic/public_html/coderdojo/includes/form.inc(385): drupal_process_form("user_register_form", (Array:42), (Array:23))
#22 /home1/biodelic/public_html/coderdojo/includes/form.inc(130): drupal_build_form("user_register_form", (Array:23))
#23 /home1/biodelic/public_html/coderdojo/modules/user/user.admin.inc(29): drupal_get_form("user_register_form")
#24 [internal function](): user_admin("create")
#25 /home1/biodelic/public_html/coderdojo/includes/menu.inc(527): call_user_func_array("user_admin", (Array:1))
#26 /home1/biodelic/public_html/coderdojo/index.php(21): menu_execute_active_handler()
#27 {main}


Feb 07 10:35:57  [info] $Fatal Error Details = Array
(
    [callback] => Array
        (
            [0] => CRM_Core_Error
            [1] => handle
        )

    [code] => -5
    [message] => DB Error: already exists
    [mode] => 16
    [debug_info] => UPDATE  civicrm_uf_match  SET domain_id = 1 , uf_id = 1 , uf_name = 'cordslatton@gmail.com' , contact_id = 2 , language = 'en_US'   WHERE (  civicrm_uf_match.id = 1 )   [nativecode=1062 ** Duplicate entry 'cordslatton@gmail.com-1' for key 'UI_uf_name_domain_id']
    [type] => DB_Error
    [user_info] => UPDATE  civicrm_uf_match  SET domain_id = 1 , uf_id = 1 , uf_name = 'cordslatton@gmail.com' , contact_id = 2 , language = 'en_US'   WHERE (  civicrm_uf_match.id = 1 )   [nativecode=1062 ** Duplicate entry 'cordslatton@gmail.com-1' for key 'UI_uf_name_domain_id']
    [to_string] => [db_error: message="DB Error: already exists" code=-5 mode=callback callback=CRM_Core_Error::handle prefix="" info="UPDATE  civicrm_uf_match  SET domain_id = 1 , uf_id = 1 , uf_name = 'cordslatton@gmail.com' , contact_id = 2 , language = 'en_US'   WHERE (  civicrm_uf_match.id = 1 )   [nativecode=1062 ** Duplicate entry 'cordslatton@gmail.com-1' for key 'UI_uf_name_domain_id']"]
)


Feb 07 10:35:57  [info] $backTrace = #0 /home1/biodelic/public_html/coderdojo/sites/all/modules/contrib/civicrm/CRM/Core/Error.php(235): CRM_Core_Error::backtrace("backTrace", TRUE)
#1 [internal function](): CRM_Core_Error::handle(Object(DB_Error))
#2 /home1/biodelic/public_html/coderdojo/sites/all/modules/contrib/civicrm/packages/PEAR.php(931): call_user_func((Array:2), Object(DB_Error))
#3 /home1/biodelic/public_html/coderdojo/sites/all/modules/contrib/civicrm/packages/DB.php(976): PEAR_Error->PEAR_Error("DB Error: already exists", -5, 16, (Array:2), "UPDATE  civicrm_uf_match  SET domain_id = 1 , uf_id = 1 , uf_name = 'cordslat...")
#4 /home1/biodelic/public_html/coderdojo/sites/all/modules/contrib/civicrm/packages/PEAR.php(564): DB_Error->DB_Error(-5, 16, (Array:2), "UPDATE  civicrm_uf_match  SET domain_id = 1 , uf_id = 1 , uf_name = 'cordslat...")
#5 /home1/biodelic/public_html/coderdojo/sites/all/modules/contrib/civicrm/packages/DB/common.php(1905): PEAR->raiseError(NULL, -5, NULL, NULL, "UPDATE  civicrm_uf_match  SET domain_id = 1 , uf_id = 1 , uf_name = 'cordslat...", "DB_Error", TRUE)
#6 /home1/biodelic/public_html/coderdojo/sites/all/modules/contrib/civicrm/packages/DB/mysql.php(895): DB_common->raiseError(-5, NULL, NULL, NULL, "1062 ** Duplicate entry 'cordslatton@gmail.com-1' for key 'UI_uf_name_domain_id'")
#7 /home1/biodelic/public_html/coderdojo/sites/all/modules/contrib/civicrm/packages/DB/mysql.php(328): DB_mysql->mysqlRaiseError()
#8 /home1/biodelic/public_html/coderdojo/sites/all/modules/contrib/civicrm/packages/DB/common.php(1216): DB_mysql->simpleQuery("UPDATE  civicrm_uf_match  SET domain_id = 1 , uf_id = 1 , uf_name = 'cordslat...")
#9 /home1/biodelic/public_html/coderdojo/sites/all/modules/contrib/civicrm/packages/DB/DataObject.php(2442): DB_common->query("UPDATE  civicrm_uf_match  SET domain_id = 1 , uf_id = 1 , uf_name = 'cordslat...")
#10 /home1/biodelic/public_html/coderdojo/sites/all/modules/contrib/civicrm/packages/DB/DataObject.php(1345): DB_DataObject->_query("UPDATE  civicrm_uf_match  SET domain_id = 1 , uf_id = 1 , uf_name = 'cordslat...")
#11 /home1/biodelic/public_html/coderdojo/sites/all/modules/contrib/civicrm/CRM/Core/DAO.php(436): DB_DataObject->update()
#12 /home1/biodelic/public_html/coderdojo/sites/all/modules/contrib/civicrm/CRM/Core/BAO/UFMatch.php(57): CRM_Core_DAO->save()
#13 /home1/biodelic/public_html/coderdojo/sites/all/modules/contrib/civicrm/CRM/Core/BAO/UFMatch.php(433): CRM_Core_BAO_UFMatch::create((Array:18))
#14 /home1/biodelic/public_html/coderdojo/sites/all/modules/contrib/civicrm/drupal/civicrm.module(568): CRM_Core_BAO_UFMatch::updateContactEmail(NULL, "cordslatton@gmail.com")
#15 /home1/biodelic/public_html/coderdojo/sites/all/modules/contrib/civicrm/drupal/civicrm_user.inc(77): civicrm_register_data((Array:26), Object(stdClass), "account", FALSE)
#16 /home1/biodelic/public_html/coderdojo/modules/user/user.module(101): civicrm_user_insert((Array:26), Object(stdClass), "account")
#17 /home1/biodelic/public_html/coderdojo/modules/user/user.module(594): user_module_invoke("insert", (Array:26), Object(stdClass), "account")
#18 /home1/biodelic/public_html/coderdojo/modules/user/user.module(3909): user_save(Object(stdClass), (Array:16))
#19 /home1/biodelic/public_html/coderdojo/includes/form.inc(1519): user_register_submit((Array:42), (Array:23))
#20 /home1/biodelic/public_html/coderdojo/includes/form.inc(903): form_execute_handlers("submit", (Array:42), (Array:23))
#21 /home1/biodelic/public_html/coderdojo/includes/form.inc(385): drupal_process_form("user_register_form", (Array:42), (Array:23))
#22 /home1/biodelic/public_html/coderdojo/includes/form.inc(130): drupal_build_form("user_register_form", (Array:23))
#23 /home1/biodelic/public_html/coderdojo/modules/user/user.admin.inc(29): drupal_get_form("user_register_form")
#24 [internal function](): user_admin("create")
#25 /home1/biodelic/public_html/coderdojo/includes/menu.inc(527): call_user_func_array("user_admin", (Array:1))
#26 /home1/biodelic/public_html/coderdojo/index.php(21): menu_execute_active_handler()
#27 {main}


Feb 07 10:45:54  [info] $Fatal Error Details = Array
(
    [message] => One of parameters  (value: ) is not of the type Integer
    [code] => 
)


Feb 07 10:45:54  [info] $backTrace = #0 /home1/biodelic/public_html/coderdojo/sites/all/modules/contrib/civicrm/CRM/Core/Error.php(364): CRM_Core_Error::backtrace("backTrace", TRUE)
#1 /home1/biodelic/public_html/coderdojo/sites/all/modules/contrib/civicrm/CRM/Utils/Type.php(371): CRM_Core_Error::fatal("One of parameters  (value: ) is not of the type Integer")
#2 /home1/biodelic/public_html/coderdojo/sites/all/modules/contrib/civicrm/CRM/Core/DAO.php(1248): CRM_Utils_Type::validate(NULL, "Integer")
#3 /home1/biodelic/public_html/coderdojo/sites/all/modules/contrib/civicrm/CRM/Core/DAO.php(1167): CRM_Core_DAO::composeQuery("\nSELECT    civicrm_contact.display_name,\n          civicrm_email.email,\n  ...", (Array:1), TRUE)
#4 /home1/biodelic/public_html/coderdojo/sites/all/modules/contrib/civicrm/CRM/Contact/BAO/Contact/Location.php(70): CRM_Core_DAO::executeQuery("\nSELECT    civicrm_contact.display_name,\n          civicrm_email.email,\n  ...", (Array:1))
#5 /home1/biodelic/public_html/coderdojo/sites/all/modules/contrib/civicrm/CRM/Core/BAO/UFMatch.php(438): CRM_Contact_BAO_Contact_Location::getEmailDetails(NULL)
#6 /home1/biodelic/public_html/coderdojo/sites/all/modules/contrib/civicrm/drupal/civicrm.module(568): CRM_Core_BAO_UFMatch::updateContactEmail(NULL, "cordslatton@gmail.com")
#7 /home1/biodelic/public_html/coderdojo/sites/all/modules/contrib/civicrm/drupal/civicrm_user.inc(77): civicrm_register_data((Array:26), Object(stdClass), "account", FALSE)
#8 /home1/biodelic/public_html/coderdojo/modules/user/user.module(101): civicrm_user_insert((Array:26), Object(stdClass), "account")
#9 /home1/biodelic/public_html/coderdojo/modules/user/user.module(594): user_module_invoke("insert", (Array:26), Object(stdClass), "account")
#10 /home1/biodelic/public_html/coderdojo/modules/user/user.module(3909): user_save(Object(stdClass), (Array:16))
#11 /home1/biodelic/public_html/coderdojo/includes/form.inc(1519): user_register_submit((Array:42), (Array:23))
#12 /home1/biodelic/public_html/coderdojo/includes/form.inc(903): form_execute_handlers("submit", (Array:42), (Array:23))
#13 /home1/biodelic/public_html/coderdojo/includes/form.inc(385): drupal_process_form("user_register_form", (Array:42), (Array:23))
#14 /home1/biodelic/public_html/coderdojo/includes/form.inc(130): drupal_build_form("user_register_form", (Array:23))
#15 /home1/biodelic/public_html/coderdojo/modules/user/user.admin.inc(29): drupal_get_form("user_register_form")
#16 [internal function](): user_admin("create")
#17 /home1/biodelic/public_html/coderdojo/includes/menu.inc(527): call_user_func_array("user_admin", (Array:1))
#18 /home1/biodelic/public_html/coderdojo/index.php(21): menu_execute_active_handler()
#19 {main}


Feb 07 10:49:23  [info] $Fatal Error Details = Array
(
    [message] => One of parameters  (value: ) is not of the type Integer
    [code] => 
)


Feb 07 10:49:23  [info] $backTrace = #0 /home1/biodelic/public_html/coderdojo/sites/all/modules/contrib/civicrm/CRM/Core/Error.php(364): CRM_Core_Error::backtrace("backTrace", TRUE)
#1 /home1/biodelic/public_html/coderdojo/sites/all/modules/contrib/civicrm/CRM/Utils/Type.php(371): CRM_Core_Error::fatal("One of parameters  (value: ) is not of the type Integer")
#2 /home1/biodelic/public_html/coderdojo/sites/all/modules/contrib/civicrm/CRM/Core/DAO.php(1248): CRM_Utils_Type::validate(NULL, "Integer")
#3 /home1/biodelic/public_html/coderdojo/sites/all/modules/contrib/civicrm/CRM/Core/DAO.php(1167): CRM_Core_DAO::composeQuery("\nSELECT    civicrm_contact.display_name,\n          civicrm_email.email,\n  ...", (Array:1), TRUE)
#4 /home1/biodelic/public_html/coderdojo/sites/all/modules/contrib/civicrm/CRM/Contact/BAO/Contact/Location.php(70): CRM_Core_DAO::executeQuery("\nSELECT    civicrm_contact.display_name,\n          civicrm_email.email,\n  ...", (Array:1))
#5 /home1/biodelic/public_html/coderdojo/sites/all/modules/contrib/civicrm/CRM/Core/BAO/UFMatch.php(438): CRM_Contact_BAO_Contact_Location::getEmailDetails(NULL)
#6 /home1/biodelic/public_html/coderdojo/sites/all/modules/contrib/civicrm/drupal/civicrm.module(568): CRM_Core_BAO_UFMatch::updateContactEmail(NULL, "cordslatton@gmail.com")
#7 /home1/biodelic/public_html/coderdojo/sites/all/modules/contrib/civicrm/drupal/civicrm_user.inc(77): civicrm_register_data((Array:26), Object(stdClass), "account", FALSE)
#8 /home1/biodelic/public_html/coderdojo/modules/user/user.module(101): civicrm_user_insert((Array:26), Object(stdClass), "account")
#9 /home1/biodelic/public_html/coderdojo/modules/user/user.module(594): user_module_invoke("insert", (Array:26), Object(stdClass), "account")
#10 /home1/biodelic/public_html/coderdojo/modules/user/user.module(3909): user_save(Object(stdClass), (Array:16))
#11 /home1/biodelic/public_html/coderdojo/includes/form.inc(1519): user_register_submit((Array:42), (Array:23))
#12 /home1/biodelic/public_html/coderdojo/includes/form.inc(903): form_execute_handlers("submit", (Array:42), (Array:23))
#13 /home1/biodelic/public_html/coderdojo/includes/form.inc(385): drupal_process_form("user_register_form", (Array:42), (Array:23))
#14 /home1/biodelic/public_html/coderdojo/includes/form.inc(130): drupal_build_form("user_register_form", (Array:23))
#15 /home1/biodelic/public_html/coderdojo/modules/user/user.admin.inc(29): drupal_get_form("user_register_form")
#16 [internal function](): user_admin("create")
#17 /home1/biodelic/public_html/coderdojo/includes/menu.inc(527): call_user_func_array("user_admin", (Array:1))
#18 /home1/biodelic/public_html/coderdojo/index.php(21): menu_execute_active_handler()
#19 {main}


Feb 07 10:58:55  [info] $Fatal Error Details = Array
(
    [message] => One of parameters  (value: ) is not of the type Integer
    [code] => 
)


Feb 07 10:58:55  [info] $backTrace = #0 /home1/biodelic/public_html/coderdojo/sites/all/modules/contrib/civicrm/CRM/Core/Error.php(364): CRM_Core_Error::backtrace("backTrace", TRUE)
#1 /home1/biodelic/public_html/coderdojo/sites/all/modules/contrib/civicrm/CRM/Utils/Type.php(371): CRM_Core_Error::fatal("One of parameters  (value: ) is not of the type Integer")
#2 /home1/biodelic/public_html/coderdojo/sites/all/modules/contrib/civicrm/CRM/Core/DAO.php(1248): CRM_Utils_Type::validate(NULL, "Integer")
#3 /home1/biodelic/public_html/coderdojo/sites/all/modules/contrib/civicrm/CRM/Core/DAO.php(1167): CRM_Core_DAO::composeQuery("\nSELECT    civicrm_contact.display_name,\n          civicrm_email.email,\n  ...", (Array:1), TRUE)
#4 /home1/biodelic/public_html/coderdojo/sites/all/modules/contrib/civicrm/CRM/Contact/BAO/Contact/Location.php(70): CRM_Core_DAO::executeQuery("\nSELECT    civicrm_contact.display_name,\n          civicrm_email.email,\n  ...", (Array:1))
#5 /home1/biodelic/public_html/coderdojo/sites/all/modules/contrib/civicrm/CRM/Core/BAO/UFMatch.php(438): CRM_Contact_BAO_Contact_Location::getEmailDetails(NULL)
#6 /home1/biodelic/public_html/coderdojo/sites/all/modules/contrib/civicrm/drupal/civicrm.module(568): CRM_Core_BAO_UFMatch::updateContactEmail(NULL, "cordslatton@gmail.com")
#7 /home1/biodelic/public_html/coderdojo/sites/all/modules/contrib/civicrm/drupal/civicrm_user.inc(77): civicrm_register_data((Array:26), Object(stdClass), "account", FALSE)
#8 /home1/biodelic/public_html/coderdojo/modules/user/user.module(101): civicrm_user_insert((Array:26), Object(stdClass), "account")
#9 /home1/biodelic/public_html/coderdojo/modules/user/user.module(594): user_module_invoke("insert", (Array:26), Object(stdClass), "account")
#10 /home1/biodelic/public_html/coderdojo/modules/user/user.module(3909): user_save(Object(stdClass), (Array:16))
#11 /home1/biodelic/public_html/coderdojo/includes/form.inc(1519): user_register_submit((Array:42), (Array:23))
#12 /home1/biodelic/public_html/coderdojo/includes/form.inc(903): form_execute_handlers("submit", (Array:42), (Array:23))
#13 /home1/biodelic/public_html/coderdojo/includes/form.inc(385): drupal_process_form("user_register_form", (Array:42), (Array:23))
#14 /home1/biodelic/public_html/coderdojo/includes/form.inc(130): drupal_build_form("user_register_form", (Array:23))
#15 /home1/biodelic/public_html/coderdojo/modules/user/user.admin.inc(29): drupal_get_form("user_register_form")
#16 [internal function](): user_admin("create")
#17 /home1/biodelic/public_html/coderdojo/includes/menu.inc(527): call_user_func_array("user_admin", (Array:1))
#18 /home1/biodelic/public_html/coderdojo/index.php(21): menu_execute_active_handler()
#19 {main}


Feb 07 15:06:45  [info] $Fatal Error Details = Array
(
    [message] => Could not find valid value for id
    [code] => 
)


Feb 07 15:06:45  [info] $backTrace = #0 /home1/biodelic/public_html/coderdojo/sites/all/modules/contrib/civicrm/CRM/Core/Error.php(364): CRM_Core_Error::backtrace("backTrace", TRUE)
#1 /home1/biodelic/public_html/coderdojo/sites/all/modules/contrib/civicrm/CRM/Utils/Request.php(95): CRM_Core_Error::fatal("Could not find valid value for id")
#2 /home1/biodelic/public_html/coderdojo/sites/all/modules/contrib/civicrm/CRM/Event/StateMachine/Registration.php(52): CRM_Utils_Request::retrieve("id", "Positive", Object(CRM_Event_Controller_Registration), TRUE)
#3 /home1/biodelic/public_html/coderdojo/sites/all/modules/contrib/civicrm/CRM/Event/Controller/Registration.php(47): CRM_Event_StateMachine_Registration->__construct(Object(CRM_Event_Controller_Registration), TRUE)
#4 /home1/biodelic/public_html/coderdojo/sites/all/modules/contrib/civicrm/CRM/Core/Invoke.php(307): CRM_Event_Controller_Registration->__construct("Event Registration", TRUE, "null", NULL, "false")
#5 /home1/biodelic/public_html/coderdojo/sites/all/modules/contrib/civicrm/CRM/Core/Invoke.php(86): CRM_Core_Invoke::runItem((Array:15))
#6 /home1/biodelic/public_html/coderdojo/sites/all/modules/contrib/civicrm/CRM/Core/Invoke.php(54): CRM_Core_Invoke::_invoke((Array:3))
#7 /home1/biodelic/public_html/coderdojo/sites/all/modules/contrib/civicrm/drupal/civicrm.module(489): CRM_Core_Invoke::invoke((Array:3))
#8 [internal function](): civicrm_invoke("event", "register")
#9 /home1/biodelic/public_html/coderdojo/includes/menu.inc(527): call_user_func_array("civicrm_invoke", (Array:2))
#10 /home1/biodelic/public_html/coderdojo/index.php(21): menu_execute_active_handler()
#11 {main}


